2024-10-13 15:40:35,052 [Worker-4: Loading available Gradle versions] INFO  o.e.b.c.i.u.g.PublishedGradleVersions - Gradle version information cache is up-to-date. Trying to read.
2024-10-13 15:41:06,399 [Worker-4: Importing Maven projects] INFO  o.e.m.c.i.l.LifecycleMappingFactory - Using org.eclipse.m2e.jdt.JarLifecycleMapping lifecycle mapping for MavenProject: com.cianalyzer:traviscianalyzer:0.0.1-SNAPSHOT @ C:\paper\co_evolution_analysis\RQ3\code\TravisCIAnalyzer_v2\TravisCIAnalyzer_v2\pom.xml.
2024-10-13 15:41:06,469 [Worker-4: Importing Maven projects] WARN  o.e.m.c.i.embedder.EclipseLogger - The POM for org.eclipse.jdt:org.eclipse.jdt.core:jar:3.12.0.v20160516-2131 is missing, no dependency information available
2024-10-13 15:41:08,022 [Worker-4: Importing Maven projects] INFO  o.e.m.j.i.AbstractJavaProjectConfigurator - Adding source folder /traviscianalyzer/src/main/java
2024-10-13 15:41:08,023 [Worker-4: Importing Maven projects] ERROR o.e.m.j.i.AbstractJavaProjectConfigurator - Skipping resource folder /traviscianalyzer
2024-10-13 15:41:08,025 [Worker-4: Importing Maven projects] INFO  o.e.m.j.i.AbstractJavaProjectConfigurator - Adding source folder /traviscianalyzer/src/test/java
2024-10-13 15:41:08,025 [Worker-4: Importing Maven projects] INFO  o.e.m.j.i.AbstractJavaProjectConfigurator - Adding resource folder /traviscianalyzer/src/test/resources
2024-10-13 15:41:08,309 [Worker-4: Importing Maven projects] INFO  o.e.m.c.i.p.ProjectConfigurationManager - Imported and configured 1 project(s) in 3 sec
2024-10-13 15:41:10,676 [Worker-18: Building] WARN  o.a.m.s.f.DefaultMavenResourcesFiltering - Using platform encoding (Cp1252 actually) to copy filtered resources, i.e. build is platform dependent!
2024-10-13 15:41:10,693 [Worker-18: Building] INFO  o.a.m.s.f.DefaultMavenResourcesFiltering - Copying 0 resource from  to target\classes
2024-10-13 15:41:10,696 [Worker-18: Building] WARN  o.a.m.s.f.DefaultMavenResourcesFiltering - Using platform encoding (Cp1252 actually) to copy filtered resources, i.e. build is platform dependent!
2024-10-13 15:41:10,698 [Worker-18: Building] INFO  o.a.m.s.f.DefaultMavenResourcesFiltering - Copying 0 resource from src\test\resources to target\test-classes
2024-10-13 15:44:24,381 [Worker-11: Building] WARN  o.a.m.s.f.DefaultMavenResourcesFiltering - Using platform encoding (Cp1252 actually) to copy filtered resources, i.e. build is platform dependent!
2024-10-13 15:44:24,385 [Worker-11: Building] INFO  o.a.m.s.f.DefaultMavenResourcesFiltering - Copying 0 resource from  to target\classes
2024-10-13 15:44:24,390 [Worker-11: Building] WARN  o.a.m.s.f.DefaultMavenResourcesFiltering - Using platform encoding (Cp1252 actually) to copy filtered resources, i.e. build is platform dependent!
2024-10-13 15:44:24,391 [Worker-11: Building] INFO  o.a.m.s.f.DefaultMavenResourcesFiltering - skip non existing resourceDirectory C:\paper\co_evolution_analysis\RQ3\code\TravisCIAnalyzer_v2\TravisCIAnalyzer_v2\src\test\resources
2024-10-13 15:45:30,561 [Worker-11: Building] WARN  o.a.m.s.f.DefaultMavenResourcesFiltering - Using platform encoding (Cp1252 actually) to copy filtered resources, i.e. build is platform dependent!
2024-10-13 15:45:30,563 [Worker-11: Building] INFO  o.a.m.s.f.DefaultMavenResourcesFiltering - Copying 0 resource from  to target\classes
2024-10-13 15:45:30,565 [Worker-11: Building] WARN  o.a.m.s.f.DefaultMavenResourcesFiltering - Using platform encoding (Cp1252 actually) to copy filtered resources, i.e. build is platform dependent!
2024-10-13 15:45:30,566 [Worker-11: Building] INFO  o.a.m.s.f.DefaultMavenResourcesFiltering - skip non existing resourceDirectory C:\paper\co_evolution_analysis\RQ3\code\TravisCIAnalyzer_v2\TravisCIAnalyzer_v2\src\test\resources
2024-10-13 15:46:30,883 [Worker-11: Building] WARN  o.a.m.s.f.DefaultMavenResourcesFiltering - Using platform encoding (Cp1252 actually) to copy filtered resources, i.e. build is platform dependent!
2024-10-13 15:46:30,887 [Worker-11: Building] INFO  o.a.m.s.f.DefaultMavenResourcesFiltering - Copying 0 resource from  to target\classes
2024-10-13 15:46:30,891 [Worker-11: Building] WARN  o.a.m.s.f.DefaultMavenResourcesFiltering - Using platform encoding (Cp1252 actually) to copy filtered resources, i.e. build is platform dependent!
2024-10-13 15:46:30,893 [Worker-11: Building] INFO  o.a.m.s.f.DefaultMavenResourcesFiltering - skip non existing resourceDirectory C:\paper\co_evolution_analysis\RQ3\code\TravisCIAnalyzer_v2\TravisCIAnalyzer_v2\src\test\resources
2024-10-13 15:46:35,755 [Worker-11: Building] WARN  o.a.m.s.f.DefaultMavenResourcesFiltering - Using platform encoding (Cp1252 actually) to copy filtered resources, i.e. build is platform dependent!
2024-10-13 15:46:35,758 [Worker-11: Building] INFO  o.a.m.s.f.DefaultMavenResourcesFiltering - Copying 0 resource from  to target\classes
2024-10-13 15:46:35,761 [Worker-11: Building] WARN  o.a.m.s.f.DefaultMavenResourcesFiltering - Using platform encoding (Cp1252 actually) to copy filtered resources, i.e. build is platform dependent!
2024-10-13 15:46:35,762 [Worker-11: Building] INFO  o.a.m.s.f.DefaultMavenResourcesFiltering - skip non existing resourceDirectory C:\paper\co_evolution_analysis\RQ3\code\TravisCIAnalyzer_v2\TravisCIAnalyzer_v2\src\test\resources
2024-10-13 15:47:09,300 [Worker-13: Building] WARN  o.a.m.s.f.DefaultMavenResourcesFiltering - Using platform encoding (Cp1252 actually) to copy filtered resources, i.e. build is platform dependent!
2024-10-13 15:47:09,303 [Worker-13: Building] INFO  o.a.m.s.f.DefaultMavenResourcesFiltering - Copying 0 resource from  to target\classes
2024-10-13 15:47:09,305 [Worker-13: Building] WARN  o.a.m.s.f.DefaultMavenResourcesFiltering - Using platform encoding (Cp1252 actually) to copy filtered resources, i.e. build is platform dependent!
2024-10-13 15:47:09,307 [Worker-13: Building] INFO  o.a.m.s.f.DefaultMavenResourcesFiltering - skip non existing resourceDirectory C:\paper\co_evolution_analysis\RQ3\code\TravisCIAnalyzer_v2\TravisCIAnalyzer_v2\src\test\resources
2024-10-16 15:08:14,085 [Worker-5: Loading available Gradle versions] INFO  o.e.b.c.i.u.g.PublishedGradleVersions - Gradle version information cache is out-of-date. Trying to update.
2024-10-16 15:08:17,241 [Worker-5: Building] INFO  o.e.m.c.i.e.AbstractTransferListenerAdapter - Downloaded https://repo.maven.apache.org/maven2/org/eclipse/jdt/org.eclipse.jdt.core/3.12.0.v20160516-2131/org.eclipse.jdt.core-3.12.0.v20160516-2131.pom
2024-10-16 15:08:17,292 [Worker-5: Building] INFO  o.e.m.c.i.e.AbstractTransferListenerAdapter - Downloaded http://spoon.gforge.inria.fr/repositories/releases/org/eclipse/jdt/org.eclipse.jdt.core/3.12.0.v20160516-2131/org.eclipse.jdt.core-3.12.0.v20160516-2131.pom
2024-10-16 15:08:17,299 [Worker-5: Building] WARN  o.e.m.c.i.embedder.EclipseLogger - The POM for org.eclipse.jdt:org.eclipse.jdt.core:jar:3.12.0.v20160516-2131 is missing, no dependency information available
2024-10-16 15:08:17,711 [Worker-5: Building] INFO  o.e.m.c.i.e.AbstractTransferListenerAdapter - Downloading https://repo.maven.apache.org/maven2/org/eclipse/platform/org.eclipse.core.resources/maven-metadata.xml
2024-10-16 15:08:17,727 [Worker-5: Building] INFO  o.e.m.c.i.e.AbstractTransferListenerAdapter - Downloaded https://repo.maven.apache.org/maven2/org/eclipse/platform/org.eclipse.core.resources/maven-metadata.xml
2024-10-16 15:08:17,760 [Worker-5: Building] INFO  o.e.m.c.i.e.AbstractTransferListenerAdapter - Downloading https://repo.maven.apache.org/maven2/org/eclipse/platform/org.eclipse.core.expressions/maven-metadata.xml
2024-10-16 15:08:17,768 [Worker-5: Building] INFO  o.e.m.c.i.e.AbstractTransferListenerAdapter - Downloaded https://repo.maven.apache.org/maven2/org/eclipse/platform/org.eclipse.core.expressions/maven-metadata.xml
2024-10-16 15:08:17,784 [Worker-5: Building] INFO  o.e.m.c.i.e.AbstractTransferListenerAdapter - Downloading https://repo.maven.apache.org/maven2/org/eclipse/platform/org.eclipse.core.runtime/maven-metadata.xml
2024-10-16 15:08:17,792 [Worker-5: Building] INFO  o.e.m.c.i.e.AbstractTransferListenerAdapter - Downloaded https://repo.maven.apache.org/maven2/org/eclipse/platform/org.eclipse.core.runtime/maven-metadata.xml
2024-10-16 15:08:17,824 [Worker-5: Building] INFO  o.e.m.c.i.e.AbstractTransferListenerAdapter - Downloading https://repo.maven.apache.org/maven2/org/eclipse/platform/org.eclipse.osgi/maven-metadata.xml
2024-10-16 15:08:17,824 [Worker-5: Building] INFO  o.e.m.c.i.e.AbstractTransferListenerAdapter - Downloaded https://repo.maven.apache.org/maven2/org/eclipse/platform/org.eclipse.osgi/maven-metadata.xml
2024-10-16 15:08:17,898 [Worker-5: Building] INFO  o.e.m.c.i.e.AbstractTransferListenerAdapter - Downloading https://repo.maven.apache.org/maven2/org/eclipse/platform/org.eclipse.equinox.common/maven-metadata.xml
2024-10-16 15:08:17,900 [Worker-5: Building] INFO  o.e.m.c.i.e.AbstractTransferListenerAdapter - Downloaded https://repo.maven.apache.org/maven2/org/eclipse/platform/org.eclipse.equinox.common/maven-metadata.xml
2024-10-16 15:08:17,964 [Worker-5: Building] INFO  o.e.m.c.i.e.AbstractTransferListenerAdapter - Downloading https://repo.maven.apache.org/maven2/org/eclipse/platform/org.eclipse.core.jobs/maven-metadata.xml
2024-10-16 15:08:17,981 [Worker-5: Building] INFO  o.e.m.c.i.e.AbstractTransferListenerAdapter - Downloaded https://repo.maven.apache.org/maven2/org/eclipse/platform/org.eclipse.core.jobs/maven-metadata.xml
2024-10-16 15:08:18,046 [Worker-5: Building] INFO  o.e.m.c.i.e.AbstractTransferListenerAdapter - Downloading https://repo.maven.apache.org/maven2/org/eclipse/platform/org.eclipse.equinox.registry/maven-metadata.xml
2024-10-16 15:08:18,054 [Worker-5: Building] INFO  o.e.m.c.i.e.AbstractTransferListenerAdapter - Downloaded https://repo.maven.apache.org/maven2/org/eclipse/platform/org.eclipse.equinox.registry/maven-metadata.xml
2024-10-16 15:08:18,112 [Worker-5: Building] INFO  o.e.m.c.i.e.AbstractTransferListenerAdapter - Downloading https://repo.maven.apache.org/maven2/org/eclipse/platform/org.eclipse.equinox.preferences/maven-metadata.xml
2024-10-16 15:08:18,119 [Worker-5: Building] INFO  o.e.m.c.i.e.AbstractTransferListenerAdapter - Downloaded https://repo.maven.apache.org/maven2/org/eclipse/platform/org.eclipse.equinox.preferences/maven-metadata.xml
2024-10-16 15:08:18,158 [Worker-5: Building] INFO  o.e.m.c.i.e.AbstractTransferListenerAdapter - Downloading https://repo.maven.apache.org/maven2/org/osgi/org.osgi.service.prefs/maven-metadata.xml
2024-10-16 15:08:18,163 [Worker-5: Building] INFO  o.e.m.c.i.e.AbstractTransferListenerAdapter - Downloaded https://repo.maven.apache.org/maven2/org/osgi/org.osgi.service.prefs/maven-metadata.xml
2024-10-16 15:08:18,193 [Worker-5: Building] INFO  o.e.m.c.i.e.AbstractTransferListenerAdapter - Downloading https://repo.maven.apache.org/maven2/org/eclipse/platform/org.eclipse.core.contenttype/maven-metadata.xml
2024-10-16 15:08:18,193 [Worker-5: Building] INFO  o.e.m.c.i.e.AbstractTransferListenerAdapter - Downloaded https://repo.maven.apache.org/maven2/org/eclipse/platform/org.eclipse.core.contenttype/maven-metadata.xml
2024-10-16 15:08:18,256 [Worker-5: Building] INFO  o.e.m.c.i.e.AbstractTransferListenerAdapter - Downloading https://repo.maven.apache.org/maven2/org/eclipse/platform/org.eclipse.equinox.app/maven-metadata.xml
2024-10-16 15:08:18,260 [Worker-5: Building] INFO  o.e.m.c.i.e.AbstractTransferListenerAdapter - Downloaded https://repo.maven.apache.org/maven2/org/eclipse/platform/org.eclipse.equinox.app/maven-metadata.xml
2024-10-16 15:08:18,388 [Worker-5: Building] INFO  o.e.m.c.i.e.AbstractTransferListenerAdapter - Downloading https://repo.maven.apache.org/maven2/org/eclipse/platform/org.eclipse.core.filesystem/maven-metadata.xml
2024-10-16 15:08:18,391 [Worker-5: Building] INFO  o.e.m.c.i.e.AbstractTransferListenerAdapter - Downloaded https://repo.maven.apache.org/maven2/org/eclipse/platform/org.eclipse.core.filesystem/maven-metadata.xml
2024-10-16 15:08:18,523 [Worker-5: Building] INFO  o.e.m.c.i.e.AbstractTransferListenerAdapter - Downloading https://repo.maven.apache.org/maven2/org/eclipse/platform/org.eclipse.text/maven-metadata.xml
2024-10-16 15:08:18,527 [Worker-5: Building] INFO  o.e.m.c.i.e.AbstractTransferListenerAdapter - Downloaded https://repo.maven.apache.org/maven2/org/eclipse/platform/org.eclipse.text/maven-metadata.xml
2024-10-16 15:08:18,548 [Worker-5: Building] INFO  o.e.m.c.i.e.AbstractTransferListenerAdapter - Downloading https://repo.maven.apache.org/maven2/org/eclipse/platform/org.eclipse.core.commands/maven-metadata.xml
2024-10-16 15:08:18,551 [Worker-5: Building] INFO  o.e.m.c.i.e.AbstractTransferListenerAdapter - Downloaded https://repo.maven.apache.org/maven2/org/eclipse/platform/org.eclipse.core.commands/maven-metadata.xml
