2024-10-20 16:54:41,184 [Worker-2: Loading available Gradle versions] INFO  o.e.b.c.i.u.g.PublishedGradleVersions - Gradle version information cache is out-of-date. Trying to update.
2024-10-20 16:55:07,456 [Worker-27: Importing Maven projects] INFO  o.e.m.c.i.l.LifecycleMappingFactory - Using org.eclipse.m2e.jdt.JarLifecycleMapping lifecycle mapping for MavenProject: com.cianalyzer:traviscianalyzer:0.0.1-SNAPSHOT @ C:\paper\co_evolution_analysis\RQ3\code\TravisCIAnalyzer_v2\pom.xml.
2024-10-20 16:55:08,324 [Worker-27: Importing Maven projects] INFO  o.e.m.c.i.e.AbstractTransferListenerAdapter - Downloaded https://repo.maven.apache.org/maven2/org/eclipse/jdt/org.eclipse.jdt.core/3.12.0.v20160516-2131/org.eclipse.jdt.core-3.12.0.v20160516-2131.pom
2024-10-20 16:55:08,735 [Worker-27: Importing Maven projects] INFO  o.e.m.c.i.e.AbstractTransferListenerAdapter - Downloaded http://spoon.gforge.inria.fr/repositories/releases/org/eclipse/jdt/org.eclipse.jdt.core/3.12.0.v20160516-2131/org.eclipse.jdt.core-3.12.0.v20160516-2131.pom
2024-10-20 16:55:08,737 [Worker-27: Importing Maven projects] WARN  o.e.m.c.i.embedder.EclipseLogger - The POM for org.eclipse.jdt:org.eclipse.jdt.core:jar:3.12.0.v20160516-2131 is missing, no dependency information available
2024-10-20 16:55:10,431 [Worker-27: Importing Maven projects] INFO  o.e.m.c.i.e.AbstractTransferListenerAdapter - Downloading https://repo.maven.apache.org/maven2/org/eclipse/platform/org.eclipse.core.resources/maven-metadata.xml
2024-10-20 16:55:10,442 [Worker-27: Importing Maven projects] INFO  o.e.m.c.i.e.AbstractTransferListenerAdapter - Downloaded https://repo.maven.apache.org/maven2/org/eclipse/platform/org.eclipse.core.resources/maven-metadata.xml
2024-10-20 16:55:10,485 [Worker-27: Importing Maven projects] INFO  o.e.m.c.i.e.AbstractTransferListenerAdapter - Downloading https://repo.maven.apache.org/maven2/org/eclipse/platform/org.eclipse.core.expressions/maven-metadata.xml
2024-10-20 16:55:10,488 [Worker-27: Importing Maven projects] INFO  o.e.m.c.i.e.AbstractTransferListenerAdapter - Downloaded https://repo.maven.apache.org/maven2/org/eclipse/platform/org.eclipse.core.expressions/maven-metadata.xml
2024-10-20 16:55:10,531 [Worker-27: Importing Maven projects] INFO  o.e.m.c.i.e.AbstractTransferListenerAdapter - Downloading https://repo.maven.apache.org/maven2/org/eclipse/platform/org.eclipse.core.runtime/maven-metadata.xml
2024-10-20 16:55:10,534 [Worker-27: Importing Maven projects] INFO  o.e.m.c.i.e.AbstractTransferListenerAdapter - Downloaded https://repo.maven.apache.org/maven2/org/eclipse/platform/org.eclipse.core.runtime/maven-metadata.xml
2024-10-20 16:55:10,573 [Worker-27: Importing Maven projects] INFO  o.e.m.c.i.e.AbstractTransferListenerAdapter - Downloading https://repo.maven.apache.org/maven2/org/eclipse/platform/org.eclipse.osgi/maven-metadata.xml
2024-10-20 16:55:10,576 [Worker-27: Importing Maven projects] INFO  o.e.m.c.i.e.AbstractTransferListenerAdapter - Downloaded https://repo.maven.apache.org/maven2/org/eclipse/platform/org.eclipse.osgi/maven-metadata.xml
2024-10-20 16:55:10,989 [Worker-27: Importing Maven projects] INFO  o.e.m.c.i.e.AbstractTransferListenerAdapter - Downloading https://repo.maven.apache.org/maven2/org/eclipse/platform/org.eclipse.equinox.common/maven-metadata.xml
2024-10-20 16:55:10,992 [Worker-27: Importing Maven projects] INFO  o.e.m.c.i.e.AbstractTransferListenerAdapter - Downloaded https://repo.maven.apache.org/maven2/org/eclipse/platform/org.eclipse.equinox.common/maven-metadata.xml
2024-10-20 16:55:11,335 [Worker-27: Importing Maven projects] INFO  o.e.m.c.i.e.AbstractTransferListenerAdapter - Downloading https://repo.maven.apache.org/maven2/org/eclipse/platform/org.eclipse.core.jobs/maven-metadata.xml
2024-10-20 16:55:11,338 [Worker-27: Importing Maven projects] INFO  o.e.m.c.i.e.AbstractTransferListenerAdapter - Downloaded https://repo.maven.apache.org/maven2/org/eclipse/platform/org.eclipse.core.jobs/maven-metadata.xml
2024-10-20 16:55:11,695 [Worker-27: Importing Maven projects] INFO  o.e.m.c.i.e.AbstractTransferListenerAdapter - Downloading https://repo.maven.apache.org/maven2/org/eclipse/platform/org.eclipse.equinox.registry/maven-metadata.xml
2024-10-20 16:55:11,698 [Worker-27: Importing Maven projects] INFO  o.e.m.c.i.e.AbstractTransferListenerAdapter - Downloaded https://repo.maven.apache.org/maven2/org/eclipse/platform/org.eclipse.equinox.registry/maven-metadata.xml
2024-10-20 16:55:12,037 [Worker-27: Importing Maven projects] INFO  o.e.m.c.i.e.AbstractTransferListenerAdapter - Downloading https://repo.maven.apache.org/maven2/org/eclipse/platform/org.eclipse.equinox.preferences/maven-metadata.xml
2024-10-20 16:55:12,039 [Worker-27: Importing Maven projects] INFO  o.e.m.c.i.e.AbstractTransferListenerAdapter - Downloaded https://repo.maven.apache.org/maven2/org/eclipse/platform/org.eclipse.equinox.preferences/maven-metadata.xml
2024-10-20 16:55:12,271 [Worker-27: Importing Maven projects] INFO  o.e.m.c.i.e.AbstractTransferListenerAdapter - Downloading https://repo.maven.apache.org/maven2/org/osgi/org.osgi.service.prefs/maven-metadata.xml
2024-10-20 16:55:12,275 [Worker-27: Importing Maven projects] INFO  o.e.m.c.i.e.AbstractTransferListenerAdapter - Downloaded https://repo.maven.apache.org/maven2/org/osgi/org.osgi.service.prefs/maven-metadata.xml
2024-10-20 16:55:12,432 [Worker-27: Importing Maven projects] INFO  o.e.m.c.i.e.AbstractTransferListenerAdapter - Downloading https://repo.maven.apache.org/maven2/org/eclipse/platform/org.eclipse.core.contenttype/maven-metadata.xml
2024-10-20 16:55:12,436 [Worker-27: Importing Maven projects] INFO  o.e.m.c.i.e.AbstractTransferListenerAdapter - Downloaded https://repo.maven.apache.org/maven2/org/eclipse/platform/org.eclipse.core.contenttype/maven-metadata.xml
2024-10-20 16:55:12,731 [Worker-27: Importing Maven projects] INFO  o.e.m.c.i.e.AbstractTransferListenerAdapter - Downloading https://repo.maven.apache.org/maven2/org/eclipse/platform/org.eclipse.equinox.app/maven-metadata.xml
2024-10-20 16:55:12,735 [Worker-27: Importing Maven projects] INFO  o.e.m.c.i.e.AbstractTransferListenerAdapter - Downloaded https://repo.maven.apache.org/maven2/org/eclipse/platform/org.eclipse.equinox.app/maven-metadata.xml
2024-10-20 16:55:13,566 [Worker-27: Importing Maven projects] INFO  o.e.m.c.i.e.AbstractTransferListenerAdapter - Downloading https://repo.maven.apache.org/maven2/org/eclipse/platform/org.eclipse.core.filesystem/maven-metadata.xml
2024-10-20 16:55:13,570 [Worker-27: Importing Maven projects] INFO  o.e.m.c.i.e.AbstractTransferListenerAdapter - Downloaded https://repo.maven.apache.org/maven2/org/eclipse/platform/org.eclipse.core.filesystem/maven-metadata.xml
2024-10-20 16:55:14,162 [Worker-27: Importing Maven projects] INFO  o.e.m.c.i.e.AbstractTransferListenerAdapter - Downloading https://repo.maven.apache.org/maven2/org/eclipse/platform/org.eclipse.text/maven-metadata.xml
2024-10-20 16:55:14,165 [Worker-27: Importing Maven projects] INFO  o.e.m.c.i.e.AbstractTransferListenerAdapter - Downloaded https://repo.maven.apache.org/maven2/org/eclipse/platform/org.eclipse.text/maven-metadata.xml
2024-10-20 16:55:14,202 [Worker-27: Importing Maven projects] INFO  o.e.m.c.i.e.AbstractTransferListenerAdapter - Downloading https://repo.maven.apache.org/maven2/org/eclipse/platform/org.eclipse.core.commands/maven-metadata.xml
2024-10-20 16:55:14,204 [Worker-27: Importing Maven projects] INFO  o.e.m.c.i.e.AbstractTransferListenerAdapter - Downloaded https://repo.maven.apache.org/maven2/org/eclipse/platform/org.eclipse.core.commands/maven-metadata.xml
2024-10-20 16:55:19,057 [Worker-27: Importing Maven projects] INFO  o.e.m.j.i.AbstractJavaProjectConfigurator - Adding source folder /traviscianalyzer/src/main/java
2024-10-20 16:55:19,057 [Worker-27: Importing Maven projects] ERROR o.e.m.j.i.AbstractJavaProjectConfigurator - Skipping resource folder /traviscianalyzer
2024-10-20 16:55:19,059 [Worker-27: Importing Maven projects] INFO  o.e.m.j.i.AbstractJavaProjectConfigurator - Adding source folder /traviscianalyzer/src/test/java
2024-10-20 16:55:19,059 [Worker-27: Importing Maven projects] INFO  o.e.m.j.i.AbstractJavaProjectConfigurator - Adding resource folder /traviscianalyzer/src/test/resources
2024-10-20 16:55:19,252 [Worker-27: Importing Maven projects] INFO  o.e.m.c.i.p.ProjectConfigurationManager - Imported and configured 1 project(s) in 15 sec
2024-10-20 16:55:20,340 [Worker-30: Building] WARN  o.a.m.s.f.DefaultMavenResourcesFiltering - Using platform encoding (Cp1252 actually) to copy filtered resources, i.e. build is platform dependent!
2024-10-20 16:55:20,346 [Worker-30: Building] INFO  o.a.m.s.f.DefaultMavenResourcesFiltering - Copying 0 resource from  to target\classes
2024-10-20 16:55:20,349 [Worker-30: Building] WARN  o.a.m.s.f.DefaultMavenResourcesFiltering - Using platform encoding (Cp1252 actually) to copy filtered resources, i.e. build is platform dependent!
2024-10-20 16:55:20,350 [Worker-30: Building] INFO  o.a.m.s.f.DefaultMavenResourcesFiltering - Copying 0 resource from src\test\resources to target\test-classes
2024-10-20 16:57:35,729 [Worker-14: Building] WARN  o.a.m.s.f.DefaultMavenResourcesFiltering - Using platform encoding (Cp1252 actually) to copy filtered resources, i.e. build is platform dependent!
2024-10-20 16:57:35,753 [Worker-14: Building] INFO  o.a.m.s.f.DefaultMavenResourcesFiltering - Copying 0 resource from  to target\classes
2024-10-20 16:57:35,762 [Worker-14: Building] WARN  o.a.m.s.f.DefaultMavenResourcesFiltering - Using platform encoding (Cp1252 actually) to copy filtered resources, i.e. build is platform dependent!
2024-10-20 16:57:35,764 [Worker-14: Building] INFO  o.a.m.s.f.DefaultMavenResourcesFiltering - Copying 0 resource from src\test\resources to target\test-classes
